c:\users\irfanahmed\documents\visual studio 2013\projects\csv\csv\debug\vc120.pdb
c:\users\irfanahmed\documents\visual studio 2013\projects\csv\csv\debug\vc120.idb
c:\users\irfanahmed\documents\visual studio 2013\projects\csv\csv\debug\source.obj
c:\users\irfanahmed\documents\visual studio 2013\projects\csv\debug\csv.pdb
c:\users\irfanahmed\documents\visual studio 2013\projects\csv\csv\debug\csv.tlog\cl.command.1.tlog
c:\users\irfanahmed\documents\visual studio 2013\projects\csv\csv\debug\csv.tlog\cl.read.1.tlog
c:\users\irfanahmed\documents\visual studio 2013\projects\csv\csv\debug\csv.tlog\cl.write.1.tlog
c:\users\irfanahmed\documents\visual studio 2013\projects\csv\csv\debug\csv.tlog\link-cvtres.read.1.tlog
c:\users\irfanahmed\documents\visual studio 2013\projects\csv\csv\debug\csv.tlog\link-cvtres.write.1.tlog
c:\users\irfanahmed\documents\visual studio 2013\projects\csv\csv\debug\csv.tlog\link-rc.read.1.tlog
c:\users\irfanahmed\documents\visual studio 2013\projects\csv\csv\debug\csv.tlog\link-rc.write.1.tlog
c:\users\irfanahmed\documents\visual studio 2013\projects\csv\csv\debug\csv.tlog\link.6844-cvtres.read.1.tlog
c:\users\irfanahmed\documents\visual studio 2013\projects\csv\csv\debug\csv.tlog\link.6844-cvtres.write.1.tlog
c:\users\irfanahmed\documents\visual studio 2013\projects\csv\csv\debug\csv.tlog\link.6844-rc.read.1.tlog
c:\users\irfanahmed\documents\visual studio 2013\projects\csv\csv\debug\csv.tlog\link.6844-rc.write.1.tlog
c:\users\irfanahmed\documents\visual studio 2013\projects\csv\csv\debug\csv.tlog\link.6844.read.1.tlog
c:\users\irfanahmed\documents\visual studio 2013\projects\csv\csv\debug\csv.tlog\link.6844.write.1.tlog
c:\users\irfanahmed\documents\visual studio 2013\projects\csv\csv\debug\csv.tlog\link.command.1.tlog
c:\users\irfanahmed\documents\visual studio 2013\projects\csv\csv\debug\csv.tlog\link.read.1.tlog
c:\users\irfanahmed\documents\visual studio 2013\projects\csv\csv\debug\csv.tlog\link.write.1.tlog
